  GameLayer.cpp
C:\Users\anain\Desktop\Made of Candy\Juego\MadeOfCandy\Audio.h(7,10): warning C4067: símbolos (token) inesperados después de la directiva del preprocesador; se esperaba una nueva línea
C:\Users\anain\Desktop\Made of Candy\Juego\MadeOfCandy\GameLayer.cpp(18,24): warning C4244: 'argumento': conversión de 'double' a 'int'; posible pérdida de datos
C:\Users\anain\Desktop\Made of Candy\Juego\MadeOfCandy\GameLayer.cpp(18,9): warning C4244: 'argumento': conversión de 'double' a 'int'; posible pérdida de datos
C:\Users\anain\Desktop\Made of Candy\Juego\MadeOfCandy\GameLayer.cpp(28,67): warning C4305: 'argumento': truncamiento de 'double' a 'float'
C:\Users\anain\Desktop\Made of Candy\Juego\MadeOfCandy\GameLayer.cpp(30,25): warning C4244: 'argumento': conversión de 'double' a 'int'; posible pérdida de datos
C:\Users\anain\Desktop\Made of Candy\Juego\MadeOfCandy\GameLayer.cpp(30,10): warning C4244: 'argumento': conversión de 'double' a 'int'; posible pérdida de datos
C:\Users\anain\Desktop\Made of Candy\Juego\MadeOfCandy\GameLayer.cpp(33,25): warning C4244: 'argumento': conversión de 'double' a 'int'; posible pérdida de datos
C:\Users\anain\Desktop\Made of Candy\Juego\MadeOfCandy\GameLayer.cpp(33,10): warning C4244: 'argumento': conversión de 'double' a 'int'; posible pérdida de datos
C:\Users\anain\Desktop\Made of Candy\Juego\MadeOfCandy\GameLayer.cpp(34,73): warning C4305: 'argumento': truncamiento de 'double' a 'float'
C:\Users\anain\Desktop\Made of Candy\Juego\MadeOfCandy\GameLayer.cpp(36,82): warning C4305: 'argumento': truncamiento de 'double' a 'float'
C:\Users\anain\Desktop\Made of Candy\Juego\MadeOfCandy\GameLayer.cpp(54,25): warning C4244: 'argumento': conversión de 'double' a 'int'; posible pérdida de datos
C:\Users\anain\Desktop\Made of Candy\Juego\MadeOfCandy\GameLayer.cpp(54,10): warning C4244: 'argumento': conversión de 'double' a 'int'; posible pérdida de datos
C:\Users\anain\Desktop\Made of Candy\Juego\MadeOfCandy\GameLayer.cpp(63,16): warning C4244: 'argumento': conversión de 'int' a 'float'; posible pérdida de datos
C:\Users\anain\Desktop\Made of Candy\Juego\MadeOfCandy\GameLayer.cpp(68,16): warning C4244: 'argumento': conversión de 'int' a 'float'; posible pérdida de datos
C:\Users\anain\Desktop\Made of Candy\Juego\MadeOfCandy\GameLayer.cpp(292,36): warning C4244: 'argumento': conversión de 'int' a 'float'; posible pérdida de datos
C:\Users\anain\Desktop\Made of Candy\Juego\MadeOfCandy\GameLayer.cpp(292,31): warning C4244: 'argumento': conversión de 'int' a 'float'; posible pérdida de datos
C:\Users\anain\Desktop\Made of Candy\Juego\MadeOfCandy\GameLayer.cpp(303,34): warning C4244: 'argumento': conversión de 'float' a 'int'; posible pérdida de datos
C:\Users\anain\Desktop\Made of Candy\Juego\MadeOfCandy\GameLayer.cpp(303,31): warning C4244: 'argumento': conversión de 'float' a 'int'; posible pérdida de datos
C:\Users\anain\Desktop\Made of Candy\Juego\MadeOfCandy\GameLayer.cpp(303,47): warning C4305: 'argumento': truncamiento de 'double' a 'float'
C:\Users\anain\Desktop\Made of Candy\Juego\MadeOfCandy\GameLayer.cpp(311,30): warning C4244: 'argumento': conversión de 'float' a 'int'; posible pérdida de datos
C:\Users\anain\Desktop\Made of Candy\Juego\MadeOfCandy\GameLayer.cpp(311,27): warning C4244: 'argumento': conversión de 'float' a 'int'; posible pérdida de datos
C:\Users\anain\Desktop\Made of Candy\Juego\MadeOfCandy\GameLayer.cpp(317,34): warning C4244: 'argumento': conversión de 'float' a 'int'; posible pérdida de datos
C:\Users\anain\Desktop\Made of Candy\Juego\MadeOfCandy\GameLayer.cpp(317,31): warning C4244: 'argumento': conversión de 'float' a 'int'; posible pérdida de datos
C:\Users\anain\Desktop\Made of Candy\Juego\MadeOfCandy\GameLayer.cpp(324,132): warning C4244: 'argumento': conversión de 'float' a 'int'; posible pérdida de datos
C:\Users\anain\Desktop\Made of Candy\Juego\MadeOfCandy\GameLayer.cpp(324,129): warning C4244: 'argumento': conversión de 'float' a 'int'; posible pérdida de datos
C:\Users\anain\Desktop\Made of Candy\Juego\MadeOfCandy\GameLayer.cpp(332,39): warning C4244: 'argumento': conversión de 'float' a 'int'; posible pérdida de datos
C:\Users\anain\Desktop\Made of Candy\Juego\MadeOfCandy\GameLayer.cpp(332,37): warning C4244: 'argumento': conversión de 'float' a 'int'; posible pérdida de datos
  MadeOfCandy.vcxproj -> C:\Users\anain\Desktop\Made of Candy\Juego\Debug\MadeOfCandy.exe
